Running php-build composer
WARNING! Your password will be stored unencrypted in /home/runner/.docker/config.json.
Configure a credential helper to remove this warning. See
https://docs.docker.com/engine/reference/commandline/login/#credentials-store

Login Succeeded
Pulling docker.pkg.github.com/pluginkollektiv/antivirus/php-actions_composer_antivirus:php-latest-build2
WARNING: ⚠️ Failed to pull manifest by the resolved digest. This registry does not
	appear to conform to the distribution registry specification; falling back to
	pull by tag.  This fallback is DEPRECATED, and will be removed in a future
	release.  Please contact admins of https://docker.pkg.github.com. ⚠️

php-latest-build2: Pulling from pluginkollektiv/antivirus/php-actions_composer_antivirus
ba3557a56b15: Pulling fs layer
743181516422: Pulling fs layer
6c307b60e377: Pulling fs layer
e2d5b4330891: Pulling fs layer
0baf29266ab7: Pulling fs layer
dfa723e4109b: Pulling fs layer
7e9fbc8e5c1a: Pulling fs layer
510d7725cdd5: Pulling fs layer
5fdc925b16f5: Pulling fs layer
1096ec115729: Pulling fs layer
0baf29266ab7: Waiting
dfa723e4109b: Waiting
7e9fbc8e5c1a: Waiting
510d7725cdd5: Waiting
5fdc925b16f5: Waiting
1096ec115729: Waiting
e2d5b4330891: Waiting
6c307b60e377: Verifying Checksum
6c307b60e377: Download complete
743181516422: Download complete
e2d5b4330891: Verifying Checksum
e2d5b4330891: Download complete
dfa723e4109b: Verifying Checksum
dfa723e4109b: Download complete
0baf29266ab7: Verifying Checksum
0baf29266ab7: Download complete
510d7725cdd5: Verifying Checksum
510d7725cdd5: Download complete
5fdc925b16f5: Verifying Checksum
5fdc925b16f5: Download complete
ba3557a56b15: Verifying Checksum
ba3557a56b15: Download complete
7e9fbc8e5c1a: Verifying Checksum
7e9fbc8e5c1a: Download complete
ba3557a56b15: Pull complete
743181516422: Pull complete
6c307b60e377: Pull complete
1096ec115729: Verifying Checksum
1096ec115729: Download complete
e2d5b4330891: Pull complete
0baf29266ab7: Pull complete
dfa723e4109b: Pull complete
7e9fbc8e5c1a: Pull complete
510d7725cdd5: Pull complete
5fdc925b16f5: Pull complete
1096ec115729: Pull complete
Digest: sha256:12f2c29af2075f5e0f87735ecbff4a9e2ee35a91d301aa8f4142a3b8b71e2cf9
Status: Downloaded newer image for docker.pkg.github.com/pluginkollektiv/antivirus/php-actions_composer_antivirus:php-latest-build2
docker.pkg.github.com/pluginkollektiv/antivirus/php-actions_composer_antivirus:php-latest-build2
Docker tag: docker.pkg.github.com/pluginkollektiv/antivirus/php-actions_composer_antivirus:php-latest-build2
No private keys supplied
Command: composer install --no-progress --no-interaction
